[2015-05-07 20:41:16] START
[2015-05-07 20:44:56] CREATE test.py: 0
[2015-05-07 20:46:10] CREATE test.html: 0
[2015-05-07 20:46:26] DELETE ga_server/views/test.html: -3
[2015-05-07 20:46:34] CREATE test/index.html: 0
[2015-05-07 20:48:14] EDIT ga_server/views/test/index.html: 1
[2015-05-07 21:01:27] CREATE test/dexperiment_form.html: 0
[2015-05-07 21:01:47] DELETE ga_server/views/test/dexperiment_form.html: -3
[2015-05-07 21:01:55] CREATE test/experiment_form.html_: 0
[2015-05-07 21:02:33] DELETE ga_server/views/test/experiment_form.html_: 0
[2015-05-07 21:02:43] CREATE test/experiment_form.html: 0
[2015-05-07 21:03:12] EDIT ga_server/views/test/experiment_form.html: 11
[2015-05-07 21:04:00] EDIT ga_server/controllers/test.py: 3
[2015-05-07 21:07:03] EDIT ga_server/controllers/test.py: 0
[2015-05-07 21:09:27] EDIT ga_server/controllers/test.py: 6
[2015-05-07 21:11:12] EDIT ga_server/controllers/test.py: 1
[2015-05-07 21:12:56] EDIT ga_server/controllers/test.py: 3
[2015-05-07 21:13:14] EDIT ga_server/controllers/test.py: 0
[2015-05-07 21:14:20] EDIT ga_server/models/db.py: 0
[2015-05-07 21:15:57] EDIT ga_server/models/db.py: 0
[2015-05-07 21:17:39] EDIT ga_server/models/db.py: 0
[2015-05-07 21:20:03] EDIT ga_server/controllers/test.py: 0
[2015-05-07 21:20:05] EDIT ga_server/controllers/test.py: 0
[2015-05-07 21:31:13] CREATE experiment_status.py: 0
[2015-05-07 21:32:17] EDIT ga_server/models/experiment_status.py: 1
[2015-05-07 21:33:00] CREATE experiment_status.py: 0
[2015-05-07 21:33:33] EDIT ga_server/models/db.py: 1
[2015-05-07 21:34:06] DELETE ga_server/models/experiment_status.py: -1
[2015-05-07 21:34:18] EDIT ga_server/modules/experiment_status.py: 1
[2015-05-07 21:35:36] EDIT ga_server/models/db.py: 1
[2015-05-07 21:36:29] EDIT ga_server/models/db.py: 0
[2015-05-08 00:49:05] CREATE test/get_experiment.html: 0
[2015-05-08 00:49:51] EDIT ga_server/views/test/get_experiment.html: 6
[2015-05-08 01:15:47] EDIT ga_server/modules/experiment_status.py: 0
