Build started 05/07/2015 19:53:51.
     1>Project "E:\github\terranswarm\GANewunits\ExampleAIModule\ExampleAIModule.vcxproj" on node 2 (build target(s)).
     1>InitializeBuildStatus:
         Creating "Release\GAMedicAIModule.unsuccessfulbuild" because "AlwaysCreate" was specified.
       ClCompile:
         C:\Program Files (x86)\Microsoft Visual Studio 10.0\VC\bin\CL.exe /c /I../include /Zi /nologo /W3 /WX- /O2 /Oi /Oy- /GL /D WIN32 /D NDEBUG /D _WINDOWS /D _USRDLL /D EXAMPLEAIMODULE_EXPORTS /D "_SECURE_SCL 0" /D _WINDLL /D _UNICODE /D UNICODE /Gm- /EHsc /MD /GS /Gy /fp:precise /Zc:wchar_t /Zc:forScope /Fo"Release\\" /Fd"Release\vc100.pdb" /Gd /TP /analyze- /errorReport:prompt Source\ExampleAIModule.cpp
         ExampleAIModule.cpp
     1>Source\ExampleAIModule.cpp(38): warning C4244: 'argument' : conversion from 'time_t' to 'unsigned int', possible loss of data
     1>Source\ExampleAIModule.cpp(214): warning C4244: '=' : conversion from 'double' to 'float', possible loss of data
     1>Source\ExampleAIModule.cpp(216): warning C4244: '=' : conversion from 'double' to 'float', possible loss of data
     1>Source\ExampleAIModule.cpp(262): warning C4996: 'strerror': This function or variable may be unsafe. Consider using strerror_s instead. To disable deprecation, use _CRT_SECURE_NO_WARNINGS. See online help for details.
                 C:\Program Files (x86)\Microsoft Visual Studio 10.0\VC\include\string.h(157) : see declaration of 'strerror'
     1>Source\ExampleAIModule.cpp(862): warning C4244: 'argument' : conversion from 'double' to 'float', possible loss of data
     1>Source\ExampleAIModule.cpp(912): warning C4244: 'argument' : conversion from 'double' to 'float', possible loss of data
     1>Source\ExampleAIModule.cpp(929): warning C4244: 'argument' : conversion from 'double' to 'float', possible loss of data
     1>Source\ExampleAIModule.cpp(946): warning C4244: 'argument' : conversion from 'double' to 'float', possible loss of data
     1>Source\ExampleAIModule.cpp(963): warning C4244: 'argument' : conversion from 'double' to 'float', possible loss of data
     1>Source\ExampleAIModule.cpp(1007): warning C4244: 'argument' : conversion from 'double' to 'float', possible loss of data
     1>Source\ExampleAIModule.cpp(1543): warning C4244: 'initializing' : conversion from 'const float' to 'int', possible loss of data
     1>Source\ExampleAIModule.cpp(1551): warning C4244: 'initializing' : conversion from 'const float' to 'int', possible loss of data
       Link:
         C:\Program Files (x86)\Microsoft Visual Studio 10.0\VC\bin\link.exe /ERRORREPORT:PROMPT /OUT:"E:\github\terranswarm\GANewunits\Release\GAMedicAIModule_release.dll" /INCREMENTAL:NO /NOLOGO ../lib/BWAPI.lib kernel32.lib user32.lib gdi32.lib winspool.lib comdlg32.lib advapi32.lib shell32.lib ole32.lib oleaut32.lib uuid.lib odbc32.lib odbccp32.lib /MANIFEST /ManifestFile:"Release\GAMedicAIModule_release.dll.intermediate.manifest" /MANIFESTUAC:"level='asInvoker' uiAccess='false'" /PDB:"E:\github\terranswarm\GANewunits\Release\GAMedicAIModule_release.pdb" /SUBSYSTEM:WINDOWS /OPT:REF /OPT:ICF /LTCG /TLBID:1 /DYNAMICBASE /NXCOMPAT /IMPLIB:"E:\github\terranswarm\GANewunits\Release\GAMedicAIModule_release.lib" /MACHINE:X86 /DLL Release\CommanderAgent.obj
         Release\Dll.obj
         Release\ExampleAIModule.obj
         Release\FirebatAgent.obj
         Release\GeneticValues.obj
         Release\GoliathAgent.obj
         Release\MarineAgent.obj
         Release\MedicAgent.obj
         Release\Parameters.obj
         Release\SCVAgent.obj
         Release\Task.obj
         Release\TaskAssociation.obj
         Release\util.obj
         Release\VultureAgent.obj
            Creating library E:\github\terranswarm\GANewunits\Release\GAMedicAIModule_release.lib and object E:\github\terranswarm\GANewunits\Release\GAMedicAIModule_release.exp
         Generating code
         Finished generating code
         ExampleAIModule.vcxproj -> E:\github\terranswarm\GANewunits\Release\GAMedicAIModule_release.dll
       Manifest:
         C:\Program Files (x86)\Microsoft SDKs\Windows\v7.0A\bin\mt.exe /nologo /verbose /outputresource:"E:\github\terranswarm\GANewunits\Release\GAMedicAIModule_release.dll;#2" /manifest Release\GAMedicAIModule_release.dll.intermediate.manifest
       FinalizeBuildStatus:
         Deleting file "Release\GAMedicAIModule.unsuccessfulbuild".
         Touching "Release\GAMedicAIModule.lastbuildstate".
     1>Done Building Project "E:\github\terranswarm\GANewunits\ExampleAIModule\ExampleAIModule.vcxproj" (build target(s)).

Build succeeded.

Time Elapsed 00:00:10.42
